Analysis & Synthesis report for lab7_top
Sun Nov 04 21:48:35 2018
Quartus II 64-Bit Version 15.0.0 Build 145 04/22/2015 SJ Web Edition


---------------------
; Table of Contents ;
---------------------
  1. Legal Notice
  2. Analysis & Synthesis Summary
  3. Analysis & Synthesis Settings
  4. Parallel Compilation
  5. Analysis & Synthesis Source Files Read
  6. Analysis & Synthesis Resource Usage Summary
  7. Analysis & Synthesis Resource Utilization by Entity
  8. Analysis & Synthesis RAM Summary
  9. Registers Removed During Synthesis
 10. Removed Registers Triggering Further Register Optimizations
 11. General Register Statistics
 12. Registers Packed Into Inferred Megafunctions
 13. Multiplexer Restructuring Statistics (Restructuring Performed)
 14. Source assignments for ram:MEM|altsyncram:mem_rtl_0|altsyncram_blc1:auto_generated
 15. Parameter Settings for User Entity Instance: ram:MEM
 16. Parameter Settings for User Entity Instance: determine_LED:DL|vDFF:U0
 17. Parameter Settings for User Entity Instance: cpu:CPU|instruction_decoder:ID|Mux3:m3a
 18. Parameter Settings for User Entity Instance: cpu:CPU|instruction_decoder:ID|Mux3:m3b
 19. Parameter Settings for User Entity Instance: cpu:CPU|controller:Control|vDFF:STATE
 20. Parameter Settings for User Entity Instance: cpu:CPU|datapath:DP|Mux4:MUX_DATA_IN
 21. Parameter Settings for User Entity Instance: cpu:CPU|datapath:DP|regfile:REGFILE|Dec:writedec
 22. Parameter Settings for User Entity Instance: cpu:CPU|datapath:DP|regfile:REGFILE|register:r0
 23. Parameter Settings for User Entity Instance: cpu:CPU|datapath:DP|regfile:REGFILE|register:r1
 24. Parameter Settings for User Entity Instance: cpu:CPU|datapath:DP|regfile:REGFILE|register:r2
 25. Parameter Settings for User Entity Instance: cpu:CPU|datapath:DP|regfile:REGFILE|register:r3
 26. Parameter Settings for User Entity Instance: cpu:CPU|datapath:DP|regfile:REGFILE|register:r4
 27. Parameter Settings for User Entity Instance: cpu:CPU|datapath:DP|regfile:REGFILE|register:r5
 28. Parameter Settings for User Entity Instance: cpu:CPU|datapath:DP|regfile:REGFILE|register:r6
 29. Parameter Settings for User Entity Instance: cpu:CPU|datapath:DP|regfile:REGFILE|register:r7
 30. Parameter Settings for User Entity Instance: cpu:CPU|datapath:DP|regfile:REGFILE|Dec:readdec
 31. Parameter Settings for User Entity Instance: cpu:CPU|datapath:DP|regfile:REGFILE|Mux8:mux
 32. Parameter Settings for User Entity Instance: cpu:CPU|datapath:DP|register:A
 33. Parameter Settings for User Entity Instance: cpu:CPU|datapath:DP|register:B
 34. Parameter Settings for User Entity Instance: cpu:CPU|datapath:DP|ALU:U2|AddSub:OVERFLOW_CHECK
 35. Parameter Settings for User Entity Instance: cpu:CPU|datapath:DP|ALU:U2|AddSub:OVERFLOW_CHECK|Adder1:ai
 36. Parameter Settings for User Entity Instance: cpu:CPU|datapath:DP|ALU:U2|AddSub:OVERFLOW_CHECK|Adder1:as
 37. Parameter Settings for User Entity Instance: cpu:CPU|datapath:DP|register:status
 38. Parameter Settings for User Entity Instance: cpu:CPU|datapath:DP|register:C_1
 39. Parameter Settings for User Entity Instance: cpu:CPU|data_address:DA|register:r1
 40. Parameter Settings for User Entity Instance: cpu:CPU|program_counter:CPU|register:r1
 41. Parameter Settings for Inferred Entity Instance: ram:MEM|altsyncram:mem_rtl_0
 42. altsyncram Parameter Settings by Entity Instance
 43. Port Connectivity Checks: "cpu:CPU|datapath:DP|regfile:REGFILE|register:r7"
 44. Port Connectivity Checks: "cpu:CPU|datapath:DP|regfile:REGFILE|Dec:writedec"
 45. Port Connectivity Checks: "cpu:CPU|datapath:DP|Mux4:MUX_DATA_IN"
 46. Post-Synthesis Netlist Statistics for Top Partition
 47. Elapsed Time Per Partition
 48. Analysis & Synthesis Messages
 49. Analysis & Synthesis Suppressed Messages



----------------
; Legal Notice ;
----------------
Copyright (C) 1991-2015 Altera Corporation. All rights reserved.
Your use of Altera Corporation's design tools, logic functions 
and other software and tools, and its AMPP partner logic 
functions, and any output files from any of the foregoing 
(including device programming or simulation files), and any 
associated documentation or information are expressly subject 
to the terms and conditions of the Altera Program License 
Subscription Agreement, the Altera Quartus II License Agreement,
the Altera MegaCore Function License Agreement, or other 
applicable license agreement, including, without limitation, 
that your use is for the sole purpose of programming logic 
devices manufactured by Altera and sold by Altera or its 
authorized distributors.  Please refer to the applicable 
agreement for further details.



+------------------------------------------------------------------------------+
; Analysis & Synthesis Summary                                                 ;
+---------------------------------+--------------------------------------------+
; Analysis & Synthesis Status     ; Successful - Sun Nov 04 21:48:35 2018      ;
; Quartus II 64-Bit Version       ; 15.0.0 Build 145 04/22/2015 SJ Web Edition ;
; Revision Name                   ; lab7_top                                   ;
; Top-level Entity Name           ; lab7_top                                   ;
; Family                          ; Cyclone V                                  ;
; Logic utilization (in ALMs)     ; N/A                                        ;
; Total registers                 ; 193                                        ;
; Total pins                      ; 66                                         ;
; Total virtual pins              ; 0                                          ;
; Total block memory bits         ; 4,096                                      ;
; Total DSP Blocks                ; 0                                          ;
; Total HSSI RX PCSs              ; 0                                          ;
; Total HSSI PMA RX Deserializers ; 0                                          ;
; Total HSSI TX PCSs              ; 0                                          ;
; Total HSSI PMA TX Serializers   ; 0                                          ;
; Total PLLs                      ; 0                                          ;
; Total DLLs                      ; 0                                          ;
+---------------------------------+--------------------------------------------+


+---------------------------------------------------------------------------------------------------------------------------+
; Analysis & Synthesis Settings                                                                                             ;
+---------------------------------------------------------------------------------+--------------------+--------------------+
; Option                                                                          ; Setting            ; Default Value      ;
+---------------------------------------------------------------------------------+--------------------+--------------------+
; Device                                                                          ; 5CSEMA5F31C6       ;                    ;
; Top-level entity name                                                           ; lab7_top           ; lab7_top           ;
; Family name                                                                     ; Cyclone V          ; Cyclone V          ;
; Use smart compilation                                                           ; Off                ; Off                ;
; Enable parallel Assembler and TimeQuest Timing Analyzer during compilation      ; On                 ; On                 ;
; Enable compact report table                                                     ; Off                ; Off                ;
; Restructure Multiplexers                                                        ; Auto               ; Auto               ;
; MLAB Add Timing Constraints For Mixed-Port Feed-Through Mode Setting Don't Care ; Off                ; Off                ;
; Create Debugging Nodes for IP Cores                                             ; Off                ; Off                ;
; Preserve fewer node names                                                       ; On                 ; On                 ;
; Disable OpenCore Plus hardware evaluation                                       ; Off                ; Off                ;
; Verilog Version                                                                 ; Verilog_2001       ; Verilog_2001       ;
; VHDL Version                                                                    ; VHDL_1993          ; VHDL_1993          ;
; State Machine Processing                                                        ; Auto               ; Auto               ;
; Safe State Machine                                                              ; Off                ; Off                ;
; Extract Verilog State Machines                                                  ; On                 ; On                 ;
; Extract VHDL State Machines                                                     ; On                 ; On                 ;
; Ignore Verilog initial constructs                                               ; Off                ; Off                ;
; Iteration limit for constant Verilog loops                                      ; 5000               ; 5000               ;
; Iteration limit for non-constant Verilog loops                                  ; 250                ; 250                ;
; Add Pass-Through Logic to Inferred RAMs                                         ; On                 ; On                 ;
; Infer RAMs from Raw Logic                                                       ; On                 ; On                 ;
; Parallel Synthesis                                                              ; On                 ; On                 ;
; DSP Block Balancing                                                             ; Auto               ; Auto               ;
; NOT Gate Push-Back                                                              ; On                 ; On                 ;
; Power-Up Don't Care                                                             ; On                 ; On                 ;
; Remove Redundant Logic Cells                                                    ; Off                ; Off                ;
; Remove Duplicate Registers                                                      ; On                 ; On                 ;
; Ignore CARRY Buffers                                                            ; Off                ; Off                ;
; Ignore CASCADE Buffers                                                          ; Off                ; Off                ;
; Ignore GLOBAL Buffers                                                           ; Off                ; Off                ;
; Ignore ROW GLOBAL Buffers                                                       ; Off                ; Off                ;
; Ignore LCELL Buffers                                                            ; Off                ; Off                ;
; Ignore SOFT Buffers                                                             ; On                 ; On                 ;
; Limit AHDL Integers to 32 Bits                                                  ; Off                ; Off                ;
; Optimization Technique                                                          ; Balanced           ; Balanced           ;
; Carry Chain Length                                                              ; 70                 ; 70                 ;
; Auto Carry Chains                                                               ; On                 ; On                 ;
; Auto Open-Drain Pins                                                            ; On                 ; On                 ;
; Perform WYSIWYG Primitive Resynthesis                                           ; Off                ; Off                ;
; Auto ROM Replacement                                                            ; On                 ; On                 ;
; Auto RAM Replacement                                                            ; On                 ; On                 ;
; Auto DSP Block Replacement                                                      ; On                 ; On                 ;
; Auto Shift Register Replacement                                                 ; Auto               ; Auto               ;
; Allow Shift Register Merging across Hierarchies                                 ; Auto               ; Auto               ;
; Auto Clock Enable Replacement                                                   ; On                 ; On                 ;
; Strict RAM Replacement                                                          ; Off                ; Off                ;
; Allow Synchronous Control Signals                                               ; On                 ; On                 ;
; Force Use of Synchronous Clear Signals                                          ; Off                ; Off                ;
; Auto Resource Sharing                                                           ; Off                ; Off                ;
; Allow Any RAM Size For Recognition                                              ; Off                ; Off                ;
; Allow Any ROM Size For Recognition                                              ; Off                ; Off                ;
; Allow Any Shift Register Size For Recognition                                   ; Off                ; Off                ;
; Use LogicLock Constraints during Resource Balancing                             ; On                 ; On                 ;
; Ignore translate_off and synthesis_off directives                               ; Off                ; Off                ;
; Timing-Driven Synthesis                                                         ; On                 ; On                 ;
; Report Parameter Settings                                                       ; On                 ; On                 ;
; Report Source Assignments                                                       ; On                 ; On                 ;
; Report Connectivity Checks                                                      ; On                 ; On                 ;
; Ignore Maximum Fan-Out Assignments                                              ; Off                ; Off                ;
; Synchronization Register Chain Length                                           ; 3                  ; 3                  ;
; PowerPlay Power Optimization During Synthesis                                   ; Normal compilation ; Normal compilation ;
; HDL message level                                                               ; Level2             ; Level2             ;
; Suppress Register Optimization Related Messages                                 ; Off                ; Off                ;
; Number of Removed Registers Reported in Synthesis Report                        ; 5000               ; 5000               ;
; Number of Swept Nodes Reported in Synthesis Report                              ; 5000               ; 5000               ;
; Number of Inverted Registers Reported in Synthesis Report                       ; 100                ; 100                ;
; Clock MUX Protection                                                            ; On                 ; On                 ;
; Auto Gated Clock Conversion                                                     ; Off                ; Off                ;
; Block Design Naming                                                             ; Auto               ; Auto               ;
; SDC constraint protection                                                       ; Off                ; Off                ;
; Synthesis Effort                                                                ; Auto               ; Auto               ;
; Shift Register Replacement - Allow Asynchronous Clear Signal                    ; On                 ; On                 ;
; Pre-Mapping Resynthesis Optimization                                            ; Off                ; Off                ;
; Analysis & Synthesis Message Level                                              ; Medium             ; Medium             ;
; Disable Register Merging Across Hierarchies                                     ; Auto               ; Auto               ;
; Resource Aware Inference For Block RAM                                          ; On                 ; On                 ;
; Synthesis Seed                                                                  ; 1                  ; 1                  ;
; Automatic Parallel Synthesis                                                    ; On                 ; On                 ;
; Partial Reconfiguration Bitstream ID                                            ; Off                ; Off                ;
+---------------------------------------------------------------------------------+--------------------+--------------------+


+------------------------------------------+
; Parallel Compilation                     ;
+----------------------------+-------------+
; Processors                 ; Number      ;
+----------------------------+-------------+
; Number detected on machine ; 12          ;
; Maximum allowed            ; 6           ;
;                            ;             ;
; Average used               ; 1.00        ;
; Maximum used               ; 1           ;
;                            ;             ;
; Usage by Processor         ; % Time Used ;
;     Processor 1            ; 100.0%      ;
;     Processors 2-12        ;   0.0%      ;
+----------------------------+-------------+


+-----------------------------------------------------------------------------------------------------------------------------------------------------------------------------------------------+
; Analysis & Synthesis Source Files Read                                                                                                                                                        ;
+------------------------------------+-----------------+-------------------------------------------------------+----------------------------------------------------------------------+---------+
; File Name with User-Entered Path   ; Used in Netlist ; File Type                                             ; File Name with Absolute Path                                         ; Library ;
+------------------------------------+-----------------+-------------------------------------------------------+----------------------------------------------------------------------+---------+
; shifter.v                          ; yes             ; User Verilog HDL File                                 ; C:/Users/cshan/Desktop/lab 8/shifter.v                               ;         ;
; regfile.v                          ; yes             ; User Verilog HDL File                                 ; C:/Users/cshan/Desktop/lab 8/regfile.v                               ;         ;
; ram.v                              ; yes             ; User Verilog HDL File                                 ; C:/Users/cshan/Desktop/lab 8/ram.v                                   ;         ;
; program_counter.v                  ; yes             ; User Verilog HDL File                                 ; C:/Users/cshan/Desktop/lab 8/program_counter.v                       ;         ;
; lab7_top.v                         ; yes             ; User Verilog HDL File                                 ; C:/Users/cshan/Desktop/lab 8/lab7_top.v                              ;         ;
; instruction_register.v             ; yes             ; User Verilog HDL File                                 ; C:/Users/cshan/Desktop/lab 8/instruction_register.v                  ;         ;
; instruction_decoder.v              ; yes             ; User Verilog HDL File                                 ; C:/Users/cshan/Desktop/lab 8/instruction_decoder.v                   ;         ;
; generic_modules.v                  ; yes             ; User Verilog HDL File                                 ; C:/Users/cshan/Desktop/lab 8/generic_modules.v                       ;         ;
; data_address.v                     ; yes             ; User Verilog HDL File                                 ; C:/Users/cshan/Desktop/lab 8/data_address.v                          ;         ;
; datapath.v                         ; yes             ; User Verilog HDL File                                 ; C:/Users/cshan/Desktop/lab 8/datapath.v                              ;         ;
; cpu.v                              ; yes             ; User Verilog HDL File                                 ; C:/Users/cshan/Desktop/lab 8/cpu.v                                   ;         ;
; controller.v                       ; yes             ; User Verilog HDL File                                 ; C:/Users/cshan/Desktop/lab 8/controller.v                            ;         ;
; alu.v                              ; yes             ; User Verilog HDL File                                 ; C:/Users/cshan/Desktop/lab 8/alu.v                                   ;         ;
; altsyncram.tdf                     ; yes             ; Megafunction                                          ; c:/altera/15.0/quartus/libraries/megafunctions/altsyncram.tdf        ;         ;
; stratix_ram_block.inc              ; yes             ; Megafunction                                          ; c:/altera/15.0/quartus/libraries/megafunctions/stratix_ram_block.inc ;         ;
; lpm_mux.inc                        ; yes             ; Megafunction                                          ; c:/altera/15.0/quartus/libraries/megafunctions/lpm_mux.inc           ;         ;
; lpm_decode.inc                     ; yes             ; Megafunction                                          ; c:/altera/15.0/quartus/libraries/megafunctions/lpm_decode.inc        ;         ;
; aglobal150.inc                     ; yes             ; Megafunction                                          ; c:/altera/15.0/quartus/libraries/megafunctions/aglobal150.inc        ;         ;
; a_rdenreg.inc                      ; yes             ; Megafunction                                          ; c:/altera/15.0/quartus/libraries/megafunctions/a_rdenreg.inc         ;         ;
; altrom.inc                         ; yes             ; Megafunction                                          ; c:/altera/15.0/quartus/libraries/megafunctions/altrom.inc            ;         ;
; altram.inc                         ; yes             ; Megafunction                                          ; c:/altera/15.0/quartus/libraries/megafunctions/altram.inc            ;         ;
; altdpram.inc                       ; yes             ; Megafunction                                          ; c:/altera/15.0/quartus/libraries/megafunctions/altdpram.inc          ;         ;
; db/altsyncram_blc1.tdf             ; yes             ; Auto-Generated Megafunction                           ; C:/Users/cshan/Desktop/lab 8/db/altsyncram_blc1.tdf                  ;         ;
; db/lab7_top.ram0_ram_1d0cf.hdl.mif ; yes             ; Auto-Generated Auto-Found Memory Initialization File  ; C:/Users/cshan/Desktop/lab 8/db/lab7_top.ram0_ram_1d0cf.hdl.mif      ;         ;
+------------------------------------+-----------------+-------------------------------------------------------+----------------------------------------------------------------------+---------+


+------------------------------------------------------------+
; Analysis & Synthesis Resource Usage Summary                ;
+---------------------------------------------+--------------+
; Resource                                    ; Usage        ;
+---------------------------------------------+--------------+
; Estimate of Logic utilization (ALMs needed) ; 172          ;
;                                             ;              ;
; Combinational ALUT usage for logic          ; 242          ;
;     -- 7 input functions                    ; 0            ;
;     -- 6 input functions                    ; 78           ;
;     -- 5 input functions                    ; 55           ;
;     -- 4 input functions                    ; 70           ;
;     -- <=3 input functions                  ; 39           ;
;                                             ;              ;
; Dedicated logic registers                   ; 193          ;
;                                             ;              ;
; I/O pins                                    ; 66           ;
; Total MLAB memory bits                      ; 0            ;
; Total block memory bits                     ; 4096         ;
;                                             ;              ;
; Total DSP Blocks                            ; 0            ;
;                                             ;              ;
; Maximum fan-out node                        ; KEY[0]~input ;
; Maximum fan-out                             ; 209          ;
; Total fan-out                               ; 1975         ;
; Average fan-out                             ; 3.39         ;
+---------------------------------------------+--------------+


+----------------------------------------------------------------------------------------------------------------------------------------------------------------------------------------------------------------------------+
; Analysis & Synthesis Resource Utilization by Entity                                                                                                                                                                        ;
+-------------------------------------------+-------------------+--------------+-------------------+------------+------+--------------+-----------------------------------------------------------------------+--------------+
; Compilation Hierarchy Node                ; LC Combinationals ; LC Registers ; Block Memory Bits ; DSP Blocks ; Pins ; Virtual Pins ; Full Hierarchy Name                                                   ; Library Name ;
+-------------------------------------------+-------------------+--------------+-------------------+------------+------+--------------+-----------------------------------------------------------------------+--------------+
; |lab7_top                                 ; 242 (0)           ; 193 (0)      ; 4096              ; 0          ; 66   ; 0            ; |lab7_top                                                             ; work         ;
;    |cpu:CPU|                              ; 213 (17)          ; 193 (0)      ; 0                 ; 0          ; 0    ; 0            ; |lab7_top|cpu:CPU                                                     ; work         ;
;       |controller:Control|                ; 48 (48)           ; 5 (0)        ; 0                 ; 0          ; 0    ; 0            ; |lab7_top|cpu:CPU|controller:Control                                  ; work         ;
;          |vDFF:STATE|                     ; 0 (0)             ; 5 (5)        ; 0                 ; 0          ; 0    ; 0            ; |lab7_top|cpu:CPU|controller:Control|vDFF:STATE                       ; work         ;
;       |datapath:DP|                       ; 142 (0)           ; 163 (0)      ; 0                 ; 0          ; 0    ; 0            ; |lab7_top|cpu:CPU|datapath:DP                                         ; work         ;
;          |ALU:U2|                         ; 55 (38)           ; 0 (0)        ; 0                 ; 0          ; 0    ; 0            ; |lab7_top|cpu:CPU|datapath:DP|ALU:U2                                  ; work         ;
;             |AddSub:OVERFLOW_CHECK|       ; 17 (1)            ; 0 (0)        ; 0                 ; 0          ; 0    ; 0            ; |lab7_top|cpu:CPU|datapath:DP|ALU:U2|AddSub:OVERFLOW_CHECK            ; work         ;
;                |Adder1:ai|                ; 16 (16)           ; 0 (0)        ; 0                 ; 0          ; 0    ; 0            ; |lab7_top|cpu:CPU|datapath:DP|ALU:U2|AddSub:OVERFLOW_CHECK|Adder1:ai  ; work         ;
;          |Mux4:MUX_DATA_IN|               ; 16 (16)           ; 0 (0)        ; 0                 ; 0          ; 0    ; 0            ; |lab7_top|cpu:CPU|datapath:DP|Mux4:MUX_DATA_IN                        ; work         ;
;          |regfile:REGFILE|                ; 55 (7)            ; 112 (0)      ; 0                 ; 0          ; 0    ; 0            ; |lab7_top|cpu:CPU|datapath:DP|regfile:REGFILE                         ; work         ;
;             |Mux8:mux|                    ; 48 (48)           ; 0 (0)        ; 0                 ; 0          ; 0    ; 0            ; |lab7_top|cpu:CPU|datapath:DP|regfile:REGFILE|Mux8:mux                ; work         ;
;             |register:r0|                 ; 0 (0)             ; 16 (16)      ; 0                 ; 0          ; 0    ; 0            ; |lab7_top|cpu:CPU|datapath:DP|regfile:REGFILE|register:r0             ; work         ;
;             |register:r1|                 ; 0 (0)             ; 16 (16)      ; 0                 ; 0          ; 0    ; 0            ; |lab7_top|cpu:CPU|datapath:DP|regfile:REGFILE|register:r1             ; work         ;
;             |register:r2|                 ; 0 (0)             ; 16 (16)      ; 0                 ; 0          ; 0    ; 0            ; |lab7_top|cpu:CPU|datapath:DP|regfile:REGFILE|register:r2             ; work         ;
;             |register:r3|                 ; 0 (0)             ; 16 (16)      ; 0                 ; 0          ; 0    ; 0            ; |lab7_top|cpu:CPU|datapath:DP|regfile:REGFILE|register:r3             ; work         ;
;             |register:r4|                 ; 0 (0)             ; 16 (16)      ; 0                 ; 0          ; 0    ; 0            ; |lab7_top|cpu:CPU|datapath:DP|regfile:REGFILE|register:r4             ; work         ;
;             |register:r5|                 ; 0 (0)             ; 16 (16)      ; 0                 ; 0          ; 0    ; 0            ; |lab7_top|cpu:CPU|datapath:DP|regfile:REGFILE|register:r5             ; work         ;
;             |register:r6|                 ; 0 (0)             ; 16 (16)      ; 0                 ; 0          ; 0    ; 0            ; |lab7_top|cpu:CPU|datapath:DP|regfile:REGFILE|register:r6             ; work         ;
;          |register:A|                     ; 0 (0)             ; 16 (16)      ; 0                 ; 0          ; 0    ; 0            ; |lab7_top|cpu:CPU|datapath:DP|register:A                              ; work         ;
;          |register:B|                     ; 0 (0)             ; 16 (16)      ; 0                 ; 0          ; 0    ; 0            ; |lab7_top|cpu:CPU|datapath:DP|register:B                              ; work         ;
;          |register:C_1|                   ; 0 (0)             ; 16 (16)      ; 0                 ; 0          ; 0    ; 0            ; |lab7_top|cpu:CPU|datapath:DP|register:C_1                            ; work         ;
;          |register:status|                ; 0 (0)             ; 3 (3)        ; 0                 ; 0          ; 0    ; 0            ; |lab7_top|cpu:CPU|datapath:DP|register:status                         ; work         ;
;          |shifter:U1|                     ; 16 (16)           ; 0 (0)        ; 0                 ; 0          ; 0    ; 0            ; |lab7_top|cpu:CPU|datapath:DP|shifter:U1                              ; work         ;
;       |instruction_decoder:ID|            ; 6 (0)             ; 0 (0)        ; 0                 ; 0          ; 0    ; 0            ; |lab7_top|cpu:CPU|instruction_decoder:ID                              ; work         ;
;          |Mux3:m3a|                       ; 6 (6)             ; 0 (0)        ; 0                 ; 0          ; 0    ; 0            ; |lab7_top|cpu:CPU|instruction_decoder:ID|Mux3:m3a                     ; work         ;
;       |instruction_register:IR|           ; 0 (0)             ; 16 (16)      ; 0                 ; 0          ; 0    ; 0            ; |lab7_top|cpu:CPU|instruction_register:IR                             ; work         ;
;       |program_counter:CPU|               ; 0 (0)             ; 9 (0)        ; 0                 ; 0          ; 0    ; 0            ; |lab7_top|cpu:CPU|program_counter:CPU                                 ; work         ;
;          |register:r1|                    ; 0 (0)             ; 9 (9)        ; 0                 ; 0          ; 0    ; 0            ; |lab7_top|cpu:CPU|program_counter:CPU|register:r1                     ; work         ;
;    |determine_dout:DD|                    ; 1 (1)             ; 0 (0)        ; 0                 ; 0          ; 0    ; 0            ; |lab7_top|determine_dout:DD                                           ; work         ;
;    |ram:MEM|                              ; 0 (0)             ; 0 (0)        ; 4096              ; 0          ; 0    ; 0            ; |lab7_top|ram:MEM                                                     ; work         ;
;       |altsyncram:mem_rtl_0|              ; 0 (0)             ; 0 (0)        ; 4096              ; 0          ; 0    ; 0            ; |lab7_top|ram:MEM|altsyncram:mem_rtl_0                                ; work         ;
;          |altsyncram_blc1:auto_generated| ; 0 (0)             ; 0 (0)        ; 4096              ; 0          ; 0    ; 0            ; |lab7_top|ram:MEM|altsyncram:mem_rtl_0|altsyncram_blc1:auto_generated ; work         ;
;    |sseg:H0|                              ; 7 (7)             ; 0 (0)        ; 0                 ; 0          ; 0    ; 0            ; |lab7_top|sseg:H0                                                     ; work         ;
;    |sseg:H1|                              ; 7 (7)             ; 0 (0)        ; 0                 ; 0          ; 0    ; 0            ; |lab7_top|sseg:H1                                                     ; work         ;
;    |sseg:H2|                              ; 7 (7)             ; 0 (0)        ; 0                 ; 0          ; 0    ; 0            ; |lab7_top|sseg:H2                                                     ; work         ;
;    |sseg:H3|                              ; 7 (7)             ; 0 (0)        ; 0                 ; 0          ; 0    ; 0            ; |lab7_top|sseg:H3                                                     ; work         ;
+-------------------------------------------+-------------------+--------------+-------------------+------------+------+--------------+-----------------------------------------------------------------------+--------------+
Note: For table entries with two numbers listed, the numbers in parentheses indicate the number of resources of the given type used by the specific entity alone. The numbers listed outside of parentheses indicate the total resources of the given type used by the specific entity and all of its sub-entities in the hierarchy.


+----------------------------------------------------------------------------------------------------------------------------------------------------------------------------------------------+
; Analysis & Synthesis RAM Summary                                                                                                                                                             ;
+------------------------------------------------------------------------+------+------+--------------+--------------+--------------+--------------+------+------------------------------------+
; Name                                                                   ; Type ; Mode ; Port A Depth ; Port A Width ; Port B Depth ; Port B Width ; Size ; MIF                                ;
+------------------------------------------------------------------------+------+------+--------------+--------------+--------------+--------------+------+------------------------------------+
; ram:MEM|altsyncram:mem_rtl_0|altsyncram_blc1:auto_generated|ALTSYNCRAM ; AUTO ; ROM  ; 256          ; 16           ; --           ; --           ; 4096 ; db/lab7_top.ram0_ram_1d0cf.hdl.mif ;
+------------------------------------------------------------------------+------+------+--------------+--------------+--------------+--------------+------+------------------------------------+


+----------------------------------------------------------------------------------------------------------+
; Registers Removed During Synthesis                                                                       ;
+------------------------------------------------------------+---------------------------------------------+
; Register name                                              ; Reason for Removal                          ;
+------------------------------------------------------------+---------------------------------------------+
; cpu:CPU|data_address:DA|register:r1|out[0..8]              ; Stuck at GND due to stuck port clock_enable ;
; cpu:CPU|datapath:DP|regfile:REGFILE|register:r7|out[0..15] ; Stuck at GND due to stuck port clock_enable ;
; determine_LED:DL|vDFF:U0|Q[1..7]                           ; Merged with determine_LED:DL|vDFF:U0|Q[0]   ;
; determine_LED:DL|vDFF:U0|Q[0]                              ; Stuck at GND due to stuck port data_in      ;
; Total Number of Removed Registers = 33                     ;                                             ;
+------------------------------------------------------------+---------------------------------------------+


+----------------------------------------------------------------------------------------------------------------------------------------+
; Removed Registers Triggering Further Register Optimizations                                                                            ;
+--------------------------------------------+--------------------------------+----------------------------------------------------------+
; Register name                              ; Reason for Removal             ; Registers Removed due to This Register                   ;
+--------------------------------------------+--------------------------------+----------------------------------------------------------+
; cpu:CPU|data_address:DA|register:r1|out[0] ; Stuck at GND                   ; cpu:CPU|datapath:DP|regfile:REGFILE|register:r7|out[0],  ;
;                                            ; due to stuck port clock_enable ; cpu:CPU|datapath:DP|regfile:REGFILE|register:r7|out[1],  ;
;                                            ;                                ; cpu:CPU|datapath:DP|regfile:REGFILE|register:r7|out[2],  ;
;                                            ;                                ; cpu:CPU|datapath:DP|regfile:REGFILE|register:r7|out[3],  ;
;                                            ;                                ; cpu:CPU|datapath:DP|regfile:REGFILE|register:r7|out[4],  ;
;                                            ;                                ; cpu:CPU|datapath:DP|regfile:REGFILE|register:r7|out[5],  ;
;                                            ;                                ; cpu:CPU|datapath:DP|regfile:REGFILE|register:r7|out[6],  ;
;                                            ;                                ; cpu:CPU|datapath:DP|regfile:REGFILE|register:r7|out[7],  ;
;                                            ;                                ; determine_LED:DL|vDFF:U0|Q[0]                            ;
; cpu:CPU|data_address:DA|register:r1|out[8] ; Stuck at GND                   ; cpu:CPU|datapath:DP|regfile:REGFILE|register:r7|out[8],  ;
;                                            ; due to stuck port clock_enable ; cpu:CPU|datapath:DP|regfile:REGFILE|register:r7|out[9],  ;
;                                            ;                                ; cpu:CPU|datapath:DP|regfile:REGFILE|register:r7|out[10], ;
;                                            ;                                ; cpu:CPU|datapath:DP|regfile:REGFILE|register:r7|out[11], ;
;                                            ;                                ; cpu:CPU|datapath:DP|regfile:REGFILE|register:r7|out[12], ;
;                                            ;                                ; cpu:CPU|datapath:DP|regfile:REGFILE|register:r7|out[13], ;
;                                            ;                                ; cpu:CPU|datapath:DP|regfile:REGFILE|register:r7|out[14], ;
;                                            ;                                ; cpu:CPU|datapath:DP|regfile:REGFILE|register:r7|out[15]  ;
+--------------------------------------------+--------------------------------+----------------------------------------------------------+


+------------------------------------------------------+
; General Register Statistics                          ;
+----------------------------------------------+-------+
; Statistic                                    ; Value ;
+----------------------------------------------+-------+
; Total registers                              ; 193   ;
; Number of registers using Synchronous Clear  ; 9     ;
; Number of registers using Synchronous Load   ; 8     ;
; Number of registers using Asynchronous Clear ; 0     ;
; Number of registers using Asynchronous Load  ; 0     ;
; Number of registers using Clock Enable       ; 188   ;
; Number of registers using Preset             ; 0     ;
+----------------------------------------------+-------+


+------------------------------------------------+
; Registers Packed Into Inferred Megafunctions   ;
+---------------------+-------------------+------+
; Register Name       ; Megafunction      ; Type ;
+---------------------+-------------------+------+
; ram:MEM|dout[0..15] ; ram:MEM|mem_rtl_0 ; RAM  ;
+---------------------+-------------------+------+


+----------------------------------------------------------------------------------------------------------------------------------------------------------------+
; Multiplexer Restructuring Statistics (Restructuring Performed)                                                                                                 ;
+--------------------+-----------+---------------+----------------------+------------------------+------------+--------------------------------------------------+
; Multiplexer Inputs ; Bus Width ; Baseline Area ; Area if Restructured ; Saving if Restructured ; Registered ; Example Multiplexer Output                       ;
+--------------------+-----------+---------------+----------------------+------------------------+------------+--------------------------------------------------+
; 3:1                ; 14 bits   ; 28 LEs        ; 28 LEs               ; 0 LEs                  ; No         ; |lab7_top|cpu:CPU|datapath:DP|shifter:U1|sout[1] ;
; 3:1                ; 16 bits   ; 32 LEs        ; 32 LEs               ; 0 LEs                  ; No         ; |lab7_top|cpu:CPU|datapath:DP|ALU:U2|out[15]     ;
+--------------------+-----------+---------------+----------------------+------------------------+------------+--------------------------------------------------+


+------------------------------------------------------------------------------------+
; Source assignments for ram:MEM|altsyncram:mem_rtl_0|altsyncram_blc1:auto_generated ;
+---------------------------------+--------------------+------+----------------------+
; Assignment                      ; Value              ; From ; To                   ;
+---------------------------------+--------------------+------+----------------------+
; OPTIMIZE_POWER_DURING_SYNTHESIS ; NORMAL_COMPILATION ; -    ; -                    ;
+---------------------------------+--------------------+------+----------------------+


+------------------------------------------------------+
; Parameter Settings for User Entity Instance: ram:MEM ;
+----------------+----------+--------------------------+
; Parameter Name ; Value    ; Type                     ;
+----------------+----------+--------------------------+
; data_width     ; 16       ; Signed Integer           ;
; addr_width     ; 8        ; Signed Integer           ;
; filename       ; data.txt ; String                   ;
+----------------+----------+--------------------------+
Note: In order to hide this table in the UI and the text report file, please set the "Show Parameter Settings in Synthesis Report" option in "Analysis and Synthesis Settings -> More Settings" to "Off".


+-----------------------------------------------------------------------+
; Parameter Settings for User Entity Instance: determine_LED:DL|vDFF:U0 ;
+----------------+-------+----------------------------------------------+
; Parameter Name ; Value ; Type                                         ;
+----------------+-------+----------------------------------------------+
; n              ; 8     ; Signed Integer                               ;
+----------------+-------+----------------------------------------------+
Note: In order to hide this table in the UI and the text report file, please set the "Show Parameter Settings in Synthesis Report" option in "Analysis and Synthesis Settings -> More Settings" to "Off".


+--------------------------------------------------------------------------------------+
; Parameter Settings for User Entity Instance: cpu:CPU|instruction_decoder:ID|Mux3:m3a ;
+----------------+-------+-------------------------------------------------------------+
; Parameter Name ; Value ; Type                                                        ;
+----------------+-------+-------------------------------------------------------------+
; k              ; 3     ; Signed Integer                                              ;
+----------------+-------+-------------------------------------------------------------+
Note: In order to hide this table in the UI and the text report file, please set the "Show Parameter Settings in Synthesis Report" option in "Analysis and Synthesis Settings -> More Settings" to "Off".


+--------------------------------------------------------------------------------------+
; Parameter Settings for User Entity Instance: cpu:CPU|instruction_decoder:ID|Mux3:m3b ;
+----------------+-------+-------------------------------------------------------------+
; Parameter Name ; Value ; Type                                                        ;
+----------------+-------+-------------------------------------------------------------+
; k              ; 3     ; Signed Integer                                              ;
+----------------+-------+-------------------------------------------------------------+
Note: In order to hide this table in the UI and the text report file, please set the "Show Parameter Settings in Synthesis Report" option in "Analysis and Synthesis Settings -> More Settings" to "Off".


+------------------------------------------------------------------------------------+
; Parameter Settings for User Entity Instance: cpu:CPU|controller:Control|vDFF:STATE ;
+----------------+-------+-----------------------------------------------------------+
; Parameter Name ; Value ; Type                                                      ;
+----------------+-------+-----------------------------------------------------------+
; n              ; 5     ; Signed Integer                                            ;
+----------------+-------+-----------------------------------------------------------+
Note: In order to hide this table in the UI and the text report file, please set the "Show Parameter Settings in Synthesis Report" option in "Analysis and Synthesis Settings -> More Settings" to "Off".


+-----------------------------------------------------------------------------------+
; Parameter Settings for User Entity Instance: cpu:CPU|datapath:DP|Mux4:MUX_DATA_IN ;
+----------------+-------+----------------------------------------------------------+
; Parameter Name ; Value ; Type                                                     ;
+----------------+-------+----------------------------------------------------------+
; k              ; 16    ; Signed Integer                                           ;
+----------------+-------+----------------------------------------------------------+
Note: In order to hide this table in the UI and the text report file, please set the "Show Parameter Settings in Synthesis Report" option in "Analysis and Synthesis Settings -> More Settings" to "Off".


+-----------------------------------------------------------------------------------------------+
; Parameter Settings for User Entity Instance: cpu:CPU|datapath:DP|regfile:REGFILE|Dec:writedec ;
+----------------+-------+----------------------------------------------------------------------+
; Parameter Name ; Value ; Type                                                                 ;
+----------------+-------+----------------------------------------------------------------------+
; n              ; 3     ; Signed Integer                                                       ;
; m              ; 8     ; Signed Integer                                                       ;
+----------------+-------+----------------------------------------------------------------------+
Note: In order to hide this table in the UI and the text report file, please set the "Show Parameter Settings in Synthesis Report" option in "Analysis and Synthesis Settings -> More Settings" to "Off".


+----------------------------------------------------------------------------------------------+
; Parameter Settings for User Entity Instance: cpu:CPU|datapath:DP|regfile:REGFILE|register:r0 ;
+----------------+-------+---------------------------------------------------------------------+
; Parameter Name ; Value ; Type                                                                ;
+----------------+-------+---------------------------------------------------------------------+
; n              ; 16    ; Signed Integer                                                      ;
+----------------+-------+---------------------------------------------------------------------+
Note: In order to hide this table in the UI and the text report file, please set the "Show Parameter Settings in Synthesis Report" option in "Analysis and Synthesis Settings -> More Settings" to "Off".


+----------------------------------------------------------------------------------------------+
; Parameter Settings for User Entity Instance: cpu:CPU|datapath:DP|regfile:REGFILE|register:r1 ;
+----------------+-------+---------------------------------------------------------------------+
; Parameter Name ; Value ; Type                                                                ;
+----------------+-------+---------------------------------------------------------------------+
; n              ; 16    ; Signed Integer                                                      ;
+----------------+-------+---------------------------------------------------------------------+
Note: In order to hide this table in the UI and the text report file, please set the "Show Parameter Settings in Synthesis Report" option in "Analysis and Synthesis Settings -> More Settings" to "Off".


+----------------------------------------------------------------------------------------------+
; Parameter Settings for User Entity Instance: cpu:CPU|datapath:DP|regfile:REGFILE|register:r2 ;
+----------------+-------+---------------------------------------------------------------------+
; Parameter Name ; Value ; Type                                                                ;
+----------------+-------+---------------------------------------------------------------------+
; n              ; 16    ; Signed Integer                                                      ;
+----------------+-------+---------------------------------------------------------------------+
Note: In order to hide this table in the UI and the text report file, please set the "Show Parameter Settings in Synthesis Report" option in "Analysis and Synthesis Settings -> More Settings" to "Off".


+----------------------------------------------------------------------------------------------+
; Parameter Settings for User Entity Instance: cpu:CPU|datapath:DP|regfile:REGFILE|register:r3 ;
+----------------+-------+---------------------------------------------------------------------+
; Parameter Name ; Value ; Type                                                                ;
+----------------+-------+---------------------------------------------------------------------+
; n              ; 16    ; Signed Integer                                                      ;
+----------------+-------+---------------------------------------------------------------------+
Note: In order to hide this table in the UI and the text report file, please set the "Show Parameter Settings in Synthesis Report" option in "Analysis and Synthesis Settings -> More Settings" to "Off".


+----------------------------------------------------------------------------------------------+
; Parameter Settings for User Entity Instance: cpu:CPU|datapath:DP|regfile:REGFILE|register:r4 ;
+----------------+-------+---------------------------------------------------------------------+
; Parameter Name ; Value ; Type                                                                ;
+----------------+-------+---------------------------------------------------------------------+
; n              ; 16    ; Signed Integer                                                      ;
+----------------+-------+---------------------------------------------------------------------+
Note: In order to hide this table in the UI and the text report file, please set the "Show Parameter Settings in Synthesis Report" option in "Analysis and Synthesis Settings -> More Settings" to "Off".


+----------------------------------------------------------------------------------------------+
; Parameter Settings for User Entity Instance: cpu:CPU|datapath:DP|regfile:REGFILE|register:r5 ;
+----------------+-------+---------------------------------------------------------------------+
; Parameter Name ; Value ; Type                                                                ;
+----------------+-------+---------------------------------------------------------------------+
; n              ; 16    ; Signed Integer                                                      ;
+----------------+-------+---------------------------------------------------------------------+
Note: In order to hide this table in the UI and the text report file, please set the "Show Parameter Settings in Synthesis Report" option in "Analysis and Synthesis Settings -> More Settings" to "Off".


+----------------------------------------------------------------------------------------------+
; Parameter Settings for User Entity Instance: cpu:CPU|datapath:DP|regfile:REGFILE|register:r6 ;
+----------------+-------+---------------------------------------------------------------------+
; Parameter Name ; Value ; Type                                                                ;
+----------------+-------+---------------------------------------------------------------------+
; n              ; 16    ; Signed Integer                                                      ;
+----------------+-------+---------------------------------------------------------------------+
Note: In order to hide this table in the UI and the text report file, please set the "Show Parameter Settings in Synthesis Report" option in "Analysis and Synthesis Settings -> More Settings" to "Off".


+----------------------------------------------------------------------------------------------+
; Parameter Settings for User Entity Instance: cpu:CPU|datapath:DP|regfile:REGFILE|register:r7 ;
+----------------+-------+---------------------------------------------------------------------+
; Parameter Name ; Value ; Type                                                                ;
+----------------+-------+---------------------------------------------------------------------+
; n              ; 16    ; Signed Integer                                                      ;
+----------------+-------+---------------------------------------------------------------------+
Note: In order to hide this table in the UI and the text report file, please set the "Show Parameter Settings in Synthesis Report" option in "Analysis and Synthesis Settings -> More Settings" to "Off".


+----------------------------------------------------------------------------------------------+
; Parameter Settings for User Entity Instance: cpu:CPU|datapath:DP|regfile:REGFILE|Dec:readdec ;
+----------------+-------+---------------------------------------------------------------------+
; Parameter Name ; Value ; Type                                                                ;
+----------------+-------+---------------------------------------------------------------------+
; n              ; 3     ; Signed Integer                                                      ;
; m              ; 8     ; Signed Integer                                                      ;
+----------------+-------+---------------------------------------------------------------------+
Note: In order to hide this table in the UI and the text report file, please set the "Show Parameter Settings in Synthesis Report" option in "Analysis and Synthesis Settings -> More Settings" to "Off".


+-------------------------------------------------------------------------------------------+
; Parameter Settings for User Entity Instance: cpu:CPU|datapath:DP|regfile:REGFILE|Mux8:mux ;
+----------------+-------+------------------------------------------------------------------+
; Parameter Name ; Value ; Type                                                             ;
+----------------+-------+------------------------------------------------------------------+
; k              ; 16    ; Signed Integer                                                   ;
+----------------+-------+------------------------------------------------------------------+
Note: In order to hide this table in the UI and the text report file, please set the "Show Parameter Settings in Synthesis Report" option in "Analysis and Synthesis Settings -> More Settings" to "Off".


+-----------------------------------------------------------------------------+
; Parameter Settings for User Entity Instance: cpu:CPU|datapath:DP|register:A ;
+----------------+-------+----------------------------------------------------+
; Parameter Name ; Value ; Type                                               ;
+----------------+-------+----------------------------------------------------+
; n              ; 16    ; Signed Integer                                     ;
+----------------+-------+----------------------------------------------------+
Note: In order to hide this table in the UI and the text report file, please set the "Show Parameter Settings in Synthesis Report" option in "Analysis and Synthesis Settings -> More Settings" to "Off".


+-----------------------------------------------------------------------------+
; Parameter Settings for User Entity Instance: cpu:CPU|datapath:DP|register:B ;
+----------------+-------+----------------------------------------------------+
; Parameter Name ; Value ; Type                                               ;
+----------------+-------+----------------------------------------------------+
; n              ; 16    ; Signed Integer                                     ;
+----------------+-------+----------------------------------------------------+
Note: In order to hide this table in the UI and the text report file, please set the "Show Parameter Settings in Synthesis Report" option in "Analysis and Synthesis Settings -> More Settings" to "Off".


+-----------------------------------------------------------------------------------------------+
; Parameter Settings for User Entity Instance: cpu:CPU|datapath:DP|ALU:U2|AddSub:OVERFLOW_CHECK ;
+----------------+-------+----------------------------------------------------------------------+
; Parameter Name ; Value ; Type                                                                 ;
+----------------+-------+----------------------------------------------------------------------+
; n              ; 16    ; Signed Integer                                                       ;
+----------------+-------+----------------------------------------------------------------------+
Note: In order to hide this table in the UI and the text report file, please set the "Show Parameter Settings in Synthesis Report" option in "Analysis and Synthesis Settings -> More Settings" to "Off".


+---------------------------------------------------------------------------------------------------------+
; Parameter Settings for User Entity Instance: cpu:CPU|datapath:DP|ALU:U2|AddSub:OVERFLOW_CHECK|Adder1:ai ;
+----------------+-------+--------------------------------------------------------------------------------+
; Parameter Name ; Value ; Type                                                                           ;
+----------------+-------+--------------------------------------------------------------------------------+
; n              ; 15    ; Signed Integer                                                                 ;
+----------------+-------+--------------------------------------------------------------------------------+
Note: In order to hide this table in the UI and the text report file, please set the "Show Parameter Settings in Synthesis Report" option in "Analysis and Synthesis Settings -> More Settings" to "Off".


+---------------------------------------------------------------------------------------------------------+
; Parameter Settings for User Entity Instance: cpu:CPU|datapath:DP|ALU:U2|AddSub:OVERFLOW_CHECK|Adder1:as ;
+----------------+-------+--------------------------------------------------------------------------------+
; Parameter Name ; Value ; Type                                                                           ;
+----------------+-------+--------------------------------------------------------------------------------+
; n              ; 1     ; Signed Integer                                                                 ;
+----------------+-------+--------------------------------------------------------------------------------+
Note: In order to hide this table in the UI and the text report file, please set the "Show Parameter Settings in Synthesis Report" option in "Analysis and Synthesis Settings -> More Settings" to "Off".


+----------------------------------------------------------------------------------+
; Parameter Settings for User Entity Instance: cpu:CPU|datapath:DP|register:status ;
+----------------+-------+---------------------------------------------------------+
; Parameter Name ; Value ; Type                                                    ;
+----------------+-------+---------------------------------------------------------+
; n              ; 3     ; Signed Integer                                          ;
+----------------+-------+---------------------------------------------------------+
Note: In order to hide this table in the UI and the text report file, please set the "Show Parameter Settings in Synthesis Report" option in "Analysis and Synthesis Settings -> More Settings" to "Off".


+-------------------------------------------------------------------------------+
; Parameter Settings for User Entity Instance: cpu:CPU|datapath:DP|register:C_1 ;
+----------------+-------+------------------------------------------------------+
; Parameter Name ; Value ; Type                                                 ;
+----------------+-------+------------------------------------------------------+
; n              ; 16    ; Signed Integer                                       ;
+----------------+-------+------------------------------------------------------+
Note: In order to hide this table in the UI and the text report file, please set the "Show Parameter Settings in Synthesis Report" option in "Analysis and Synthesis Settings -> More Settings" to "Off".


+----------------------------------------------------------------------------------+
; Parameter Settings for User Entity Instance: cpu:CPU|data_address:DA|register:r1 ;
+----------------+-------+---------------------------------------------------------+
; Parameter Name ; Value ; Type                                                    ;
+----------------+-------+---------------------------------------------------------+
; n              ; 9     ; Signed Integer                                          ;
+----------------+-------+---------------------------------------------------------+
Note: In order to hide this table in the UI and the text report file, please set the "Show Parameter Settings in Synthesis Report" option in "Analysis and Synthesis Settings -> More Settings" to "Off".


+--------------------------------------------------------------------------------------+
; Parameter Settings for User Entity Instance: cpu:CPU|program_counter:CPU|register:r1 ;
+----------------+-------+-------------------------------------------------------------+
; Parameter Name ; Value ; Type                                                        ;
+----------------+-------+-------------------------------------------------------------+
; n              ; 9     ; Signed Integer                                              ;
+----------------+-------+-------------------------------------------------------------+
Note: In order to hide this table in the UI and the text report file, please set the "Show Parameter Settings in Synthesis Report" option in "Analysis and Synthesis Settings -> More Settings" to "Off".


+------------------------------------------------------------------------------------------+
; Parameter Settings for Inferred Entity Instance: ram:MEM|altsyncram:mem_rtl_0            ;
+------------------------------------+------------------------------------+----------------+
; Parameter Name                     ; Value                              ; Type           ;
+------------------------------------+------------------------------------+----------------+
; BYTE_SIZE_BLOCK                    ; 8                                  ; Untyped        ;
; AUTO_CARRY_CHAINS                  ; ON                                 ; AUTO_CARRY     ;
; IGNORE_CARRY_BUFFERS               ; OFF                                ; IGNORE_CARRY   ;
; AUTO_CASCADE_CHAINS                ; ON                                 ; AUTO_CASCADE   ;
; IGNORE_CASCADE_BUFFERS             ; OFF                                ; IGNORE_CASCADE ;
; WIDTH_BYTEENA                      ; 1                                  ; Untyped        ;
; OPERATION_MODE                     ; ROM                                ; Untyped        ;
; WIDTH_A                            ; 16                                 ; Untyped        ;
; WIDTHAD_A                          ; 8                                  ; Untyped        ;
; NUMWORDS_A                         ; 256                                ; Untyped        ;
; OUTDATA_REG_A                      ; UNREGISTERED                       ; Untyped        ;
; ADDRESS_ACLR_A                     ; NONE                               ; Untyped        ;
; OUTDATA_ACLR_A                     ; NONE                               ; Untyped        ;
; WRCONTROL_ACLR_A                   ; NONE                               ; Untyped        ;
; INDATA_ACLR_A                      ; NONE                               ; Untyped        ;
; BYTEENA_ACLR_A                     ; NONE                               ; Untyped        ;
; WIDTH_B                            ; 1                                  ; Untyped        ;
; WIDTHAD_B                          ; 1                                  ; Untyped        ;
; NUMWORDS_B                         ; 1                                  ; Untyped        ;
; INDATA_REG_B                       ; CLOCK1                             ; Untyped        ;
; WRCONTROL_WRADDRESS_REG_B          ; CLOCK1                             ; Untyped        ;
; RDCONTROL_REG_B                    ; CLOCK1                             ; Untyped        ;
; ADDRESS_REG_B                      ; CLOCK1                             ; Untyped        ;
; OUTDATA_REG_B                      ; UNREGISTERED                       ; Untyped        ;
; BYTEENA_REG_B                      ; CLOCK1                             ; Untyped        ;
; INDATA_ACLR_B                      ; NONE                               ; Untyped        ;
; WRCONTROL_ACLR_B                   ; NONE                               ; Untyped        ;
; ADDRESS_ACLR_B                     ; NONE                               ; Untyped        ;
; OUTDATA_ACLR_B                     ; NONE                               ; Untyped        ;
; RDCONTROL_ACLR_B                   ; NONE                               ; Untyped        ;
; BYTEENA_ACLR_B                     ; NONE                               ; Untyped        ;
; WIDTH_BYTEENA_A                    ; 1                                  ; Untyped        ;
; WIDTH_BYTEENA_B                    ; 1                                  ; Untyped        ;
; RAM_BLOCK_TYPE                     ; AUTO                               ; Untyped        ;
; BYTE_SIZE                          ; 8                                  ; Untyped        ;
; READ_DURING_WRITE_MODE_MIXED_PORTS ; DONT_CARE                          ; Untyped        ;
; READ_DURING_WRITE_MODE_PORT_A      ; NEW_DATA_NO_NBE_READ               ; Untyped        ;
; READ_DURING_WRITE_MODE_PORT_B      ; NEW_DATA_NO_NBE_READ               ; Untyped        ;
; INIT_FILE                          ; db/lab7_top.ram0_ram_1d0cf.hdl.mif ; Untyped        ;
; INIT_FILE_LAYOUT                   ; PORT_A                             ; Untyped        ;
; MAXIMUM_DEPTH                      ; 0                                  ; Untyped        ;
; CLOCK_ENABLE_INPUT_A               ; NORMAL                             ; Untyped        ;
; CLOCK_ENABLE_INPUT_B               ; NORMAL                             ; Untyped        ;
; CLOCK_ENABLE_OUTPUT_A              ; NORMAL                             ; Untyped        ;
; CLOCK_ENABLE_OUTPUT_B              ; NORMAL                             ; Untyped        ;
; CLOCK_ENABLE_CORE_A                ; USE_INPUT_CLKEN                    ; Untyped        ;
; CLOCK_ENABLE_CORE_B                ; USE_INPUT_CLKEN                    ; Untyped        ;
; ENABLE_ECC                         ; FALSE                              ; Untyped        ;
; ECC_PIPELINE_STAGE_ENABLED         ; FALSE                              ; Untyped        ;
; WIDTH_ECCSTATUS                    ; 3                                  ; Untyped        ;
; DEVICE_FAMILY                      ; Cyclone V                          ; Untyped        ;
; CBXI_PARAMETER                     ; altsyncram_blc1                    ; Untyped        ;
+------------------------------------+------------------------------------+----------------+
Note: In order to hide this table in the UI and the text report file, please set the "Show Parameter Settings in Synthesis Report" option in "Analysis and Synthesis Settings -> More Settings" to "Off".


+--------------------------------------------------------------------------+
; altsyncram Parameter Settings by Entity Instance                         ;
+-------------------------------------------+------------------------------+
; Name                                      ; Value                        ;
+-------------------------------------------+------------------------------+
; Number of entity instances                ; 1                            ;
; Entity Instance                           ; ram:MEM|altsyncram:mem_rtl_0 ;
;     -- OPERATION_MODE                     ; ROM                          ;
;     -- WIDTH_A                            ; 16                           ;
;     -- NUMWORDS_A                         ; 256                          ;
;     -- OUTDATA_REG_A                      ; UNREGISTERED                 ;
;     -- WIDTH_B                            ; 1                            ;
;     -- NUMWORDS_B                         ; 1                            ;
;     -- ADDRESS_REG_B                      ; CLOCK1                       ;
;     -- OUTDATA_REG_B                      ; UNREGISTERED                 ;
;     -- RAM_BLOCK_TYPE                     ; AUTO                         ;
;     -- READ_DURING_WRITE_MODE_MIXED_PORTS ; DONT_CARE                    ;
+-------------------------------------------+------------------------------+


+-----------------------------------------------------------------------------+
; Port Connectivity Checks: "cpu:CPU|datapath:DP|regfile:REGFILE|register:r7" ;
+------+-------+----------+---------------------------------------------------+
; Port ; Type  ; Severity ; Details                                           ;
+------+-------+----------+---------------------------------------------------+
; en   ; Input ; Info     ; Stuck at GND                                      ;
+------+-------+----------+---------------------------------------------------+


+----------------------------------------------------------------------------------------------------------------+
; Port Connectivity Checks: "cpu:CPU|datapath:DP|regfile:REGFILE|Dec:writedec"                                   ;
+------+--------+----------+-------------------------------------------------------------------------------------+
; Port ; Type   ; Severity ; Details                                                                             ;
+------+--------+----------+-------------------------------------------------------------------------------------+
; b[7] ; Output ; Info     ; Connected to dangling logic. Logic that only feeds a dangling port will be removed. ;
+------+--------+----------+-------------------------------------------------------------------------------------+


+------------------------------------------------------------------+
; Port Connectivity Checks: "cpu:CPU|datapath:DP|Mux4:MUX_DATA_IN" ;
+-----------+-------+----------+-----------------------------------+
; Port      ; Type  ; Severity ; Details                           ;
+-----------+-------+----------+-----------------------------------+
; a1[15..8] ; Input ; Info     ; Stuck at GND                      ;
+-----------+-------+----------+-----------------------------------+


+-----------------------------------------------------+
; Post-Synthesis Netlist Statistics for Top Partition ;
+-----------------------+-----------------------------+
; Type                  ; Count                       ;
+-----------------------+-----------------------------+
; arriav_ff             ; 193                         ;
;     ENA               ; 171                         ;
;     ENA SCLR          ; 9                           ;
;     ENA SLD           ; 8                           ;
;     plain             ; 5                           ;
; arriav_lcell_comb     ; 251                         ;
;     arith             ; 9                           ;
;         1 data inputs ; 9                           ;
;     normal            ; 226                         ;
;         0 data inputs ; 2                           ;
;         1 data inputs ; 7                           ;
;         2 data inputs ; 7                           ;
;         3 data inputs ; 22                          ;
;         4 data inputs ; 55                          ;
;         5 data inputs ; 55                          ;
;         6 data inputs ; 78                          ;
;     shared            ; 16                          ;
;         0 data inputs ; 1                           ;
;         4 data inputs ; 15                          ;
; boundary_port         ; 66                          ;
; stratixv_ram_block    ; 16                          ;
;                       ;                             ;
; Max LUT depth         ; 7.50                        ;
; Average LUT depth     ; 3.74                        ;
+-----------------------+-----------------------------+


+-------------------------------+
; Elapsed Time Per Partition    ;
+----------------+--------------+
; Partition Name ; Elapsed Time ;
+----------------+--------------+
; Top            ; 00:00:01     ;
+----------------+--------------+


+-------------------------------+
; Analysis & Synthesis Messages ;
+-------------------------------+
Info: *******************************************************************
Info: Running Quartus II 64-Bit Analysis & Synthesis
    Info: Version 15.0.0 Build 145 04/22/2015 SJ Web Edition
    Info: Processing started: Sun Nov 04 21:48:26 2018
Info: Command: quartus_map --read_settings_files=on --write_settings_files=off lab8_quartus -c lab7_top
Info (11104): Parallel Compilation has detected 12 hyper-threaded processors. However, the extra hyper-threaded processors will not be used by default. Parallel Compilation will use 6 of the 6 physical processors detected instead.
Info (12021): Found 1 design units, including 1 entities, in source file shifter.v
    Info (12023): Found entity 1: shifter
Info (12021): Found 1 design units, including 1 entities, in source file regfile.v
    Info (12023): Found entity 1: regfile
Info (12021): Found 1 design units, including 1 entities, in source file ram.v
    Info (12023): Found entity 1: ram
Info (12021): Found 1 design units, including 1 entities, in source file program_counter.v
    Info (12023): Found entity 1: program_counter
Info (12021): Found 6 design units, including 6 entities, in source file lab7_top.v
    Info (12023): Found entity 1: lab7_top
    Info (12023): Found entity 2: sseg
    Info (12023): Found entity 3: determine_write
    Info (12023): Found entity 4: determine_dout
    Info (12023): Found entity 5: determine_switches
    Info (12023): Found entity 6: determine_LED
Info (12021): Found 1 design units, including 1 entities, in source file instruction_register.v
    Info (12023): Found entity 1: instruction_register
Info (12021): Found 1 design units, including 1 entities, in source file instruction_decoder.v
    Info (12023): Found entity 1: instruction_decoder
Info (12021): Found 8 design units, including 8 entities, in source file generic_modules.v
    Info (12023): Found entity 1: Dec
    Info (12023): Found entity 2: register
    Info (12023): Found entity 3: Mux8
    Info (12023): Found entity 4: Mux4
    Info (12023): Found entity 5: Mux3
    Info (12023): Found entity 6: signextend5
    Info (12023): Found entity 7: signextend8
    Info (12023): Found entity 8: vDFF
Info (12021): Found 1 design units, including 1 entities, in source file data_address.v
    Info (12023): Found entity 1: data_address
Info (12021): Found 1 design units, including 1 entities, in source file datapath.v
    Info (12023): Found entity 1: datapath
Info (12021): Found 1 design units, including 1 entities, in source file cpu.v
    Info (12023): Found entity 1: cpu
Info (12021): Found 1 design units, including 1 entities, in source file controller.v
    Info (12023): Found entity 1: controller
Info (12021): Found 3 design units, including 3 entities, in source file alu.v
    Info (12023): Found entity 1: ALU
    Info (12023): Found entity 2: AddSub
    Info (12023): Found entity 3: Adder1
Info (12127): Elaborating entity "lab7_top" for the top level hierarchy
Info (12128): Elaborating entity "ram" for hierarchy "ram:MEM"
Info (12128): Elaborating entity "determine_write" for hierarchy "determine_write:DW"
Info (12128): Elaborating entity "determine_dout" for hierarchy "determine_dout:DD"
Info (12128): Elaborating entity "determine_switches" for hierarchy "determine_switches:DS"
Info (12128): Elaborating entity "determine_LED" for hierarchy "determine_LED:DL"
Info (12128): Elaborating entity "vDFF" for hierarchy "determine_LED:DL|vDFF:U0"
Info (12128): Elaborating entity "cpu" for hierarchy "cpu:CPU"
Info (12128): Elaborating entity "instruction_register" for hierarchy "cpu:CPU|instruction_register:IR"
Info (12128): Elaborating entity "instruction_decoder" for hierarchy "cpu:CPU|instruction_decoder:ID"
Info (12128): Elaborating entity "Mux3" for hierarchy "cpu:CPU|instruction_decoder:ID|Mux3:m3a"
Info (12128): Elaborating entity "signextend5" for hierarchy "cpu:CPU|instruction_decoder:ID|signextend5:sx5"
Info (12128): Elaborating entity "signextend8" for hierarchy "cpu:CPU|instruction_decoder:ID|signextend8:sx8"
Info (12128): Elaborating entity "controller" for hierarchy "cpu:CPU|controller:Control"
Info (12128): Elaborating entity "vDFF" for hierarchy "cpu:CPU|controller:Control|vDFF:STATE"
Info (12128): Elaborating entity "datapath" for hierarchy "cpu:CPU|datapath:DP"
Info (12128): Elaborating entity "Mux4" for hierarchy "cpu:CPU|datapath:DP|Mux4:MUX_DATA_IN"
Info (12128): Elaborating entity "regfile" for hierarchy "cpu:CPU|datapath:DP|regfile:REGFILE"
Info (12128): Elaborating entity "Dec" for hierarchy "cpu:CPU|datapath:DP|regfile:REGFILE|Dec:writedec"
Warning (10230): Verilog HDL assignment warning at generic_modules.v(8): truncated value with size 32 to match size of target (8)
Info (12128): Elaborating entity "register" for hierarchy "cpu:CPU|datapath:DP|regfile:REGFILE|register:r0"
Info (12128): Elaborating entity "Mux8" for hierarchy "cpu:CPU|datapath:DP|regfile:REGFILE|Mux8:mux"
Info (12128): Elaborating entity "shifter" for hierarchy "cpu:CPU|datapath:DP|shifter:U1"
Info (12128): Elaborating entity "ALU" for hierarchy "cpu:CPU|datapath:DP|ALU:U2"
Info (12128): Elaborating entity "AddSub" for hierarchy "cpu:CPU|datapath:DP|ALU:U2|AddSub:OVERFLOW_CHECK"
Info (12128): Elaborating entity "Adder1" for hierarchy "cpu:CPU|datapath:DP|ALU:U2|AddSub:OVERFLOW_CHECK|Adder1:ai"
Info (12128): Elaborating entity "Adder1" for hierarchy "cpu:CPU|datapath:DP|ALU:U2|AddSub:OVERFLOW_CHECK|Adder1:as"
Info (12128): Elaborating entity "register" for hierarchy "cpu:CPU|datapath:DP|register:status"
Info (12128): Elaborating entity "data_address" for hierarchy "cpu:CPU|data_address:DA"
Info (12128): Elaborating entity "register" for hierarchy "cpu:CPU|data_address:DA|register:r1"
Info (12128): Elaborating entity "program_counter" for hierarchy "cpu:CPU|program_counter:CPU"
Info (12128): Elaborating entity "sseg" for hierarchy "sseg:H0"
Warning (13046): Tri-state node(s) do not directly drive top-level pin(s)
    Warning (13048): Converted tri-state node "read_data[15]" into a selector
    Warning (13048): Converted tri-state node "read_data[14]" into a selector
    Warning (13048): Converted tri-state node "read_data[13]" into a selector
    Warning (13048): Converted tri-state node "read_data[12]" into a selector
    Warning (13048): Converted tri-state node "read_data[11]" into a selector
    Warning (13048): Converted tri-state node "read_data[10]" into a selector
    Warning (13048): Converted tri-state node "read_data[9]" into a selector
    Warning (13048): Converted tri-state node "read_data[8]" into a selector
    Warning (13048): Converted tri-state node "read_data[7]" into a selector
    Warning (13048): Converted tri-state node "read_data[6]" into a selector
    Warning (13048): Converted tri-state node "read_data[5]" into a selector
    Warning (13048): Converted tri-state node "read_data[4]" into a selector
    Warning (13048): Converted tri-state node "read_data[3]" into a selector
    Warning (13048): Converted tri-state node "read_data[2]" into a selector
    Warning (13048): Converted tri-state node "read_data[1]" into a selector
    Warning (13048): Converted tri-state node "read_data[0]" into a selector
Info (19000): Inferred 1 megafunctions from design logic
    Info (276029): Inferred altsyncram megafunction from the following design logic: "ram:MEM|mem_rtl_0" 
        Info (286033): Parameter OPERATION_MODE set to ROM
        Info (286033): Parameter WIDTH_A set to 16
        Info (286033): Parameter WIDTHAD_A set to 8
        Info (286033): Parameter NUMWORDS_A set to 256
        Info (286033): Parameter OUTDATA_REG_A set to UNREGISTERED
        Info (286033): Parameter ADDRESS_ACLR_A set to NONE
        Info (286033): Parameter OUTDATA_ACLR_A set to NONE
        Info (286033): Parameter INDATA_ACLR_A set to NONE
        Info (286033): Parameter WRCONTROL_ACLR_A set to NONE
        Info (286033): Parameter INIT_FILE set to db/lab7_top.ram0_ram_1d0cf.hdl.mif
Info (12130): Elaborated megafunction instantiation "ram:MEM|altsyncram:mem_rtl_0"
Info (12133): Instantiated megafunction "ram:MEM|altsyncram:mem_rtl_0" with the following parameter:
    Info (12134): Parameter "OPERATION_MODE" = "ROM"
    Info (12134): Parameter "WIDTH_A" = "16"
    Info (12134): Parameter "WIDTHAD_A" = "8"
    Info (12134): Parameter "NUMWORDS_A" = "256"
    Info (12134): Parameter "OUTDATA_REG_A" = "UNREGISTERED"
    Info (12134): Parameter "ADDRESS_ACLR_A" = "NONE"
    Info (12134): Parameter "OUTDATA_ACLR_A" = "NONE"
    Info (12134): Parameter "INDATA_ACLR_A" = "NONE"
    Info (12134): Parameter "WRCONTROL_ACLR_A" = "NONE"
    Info (12134): Parameter "INIT_FILE" = "db/lab7_top.ram0_ram_1d0cf.hdl.mif"
Info (12021): Found 1 design units, including 1 entities, in source file db/altsyncram_blc1.tdf
    Info (12023): Found entity 1: altsyncram_blc1
Warning (13024): Output pins are stuck at VCC or GND
    Warning (13410): Pin "LEDR[0]" is stuck at GND
    Warning (13410): Pin "LEDR[1]" is stuck at GND
    Warning (13410): Pin "LEDR[2]" is stuck at GND
    Warning (13410): Pin "LEDR[3]" is stuck at GND
    Warning (13410): Pin "LEDR[4]" is stuck at GND
    Warning (13410): Pin "LEDR[5]" is stuck at GND
    Warning (13410): Pin "LEDR[6]" is stuck at GND
    Warning (13410): Pin "LEDR[7]" is stuck at GND
    Warning (13410): Pin "LEDR[8]" is stuck at GND
    Warning (13410): Pin "LEDR[9]" is stuck at GND
    Warning (13410): Pin "HEX4[0]" is stuck at VCC
    Warning (13410): Pin "HEX4[1]" is stuck at VCC
    Warning (13410): Pin "HEX4[2]" is stuck at VCC
    Warning (13410): Pin "HEX4[3]" is stuck at VCC
    Warning (13410): Pin "HEX4[4]" is stuck at VCC
    Warning (13410): Pin "HEX4[5]" is stuck at VCC
    Warning (13410): Pin "HEX4[6]" is stuck at VCC
    Warning (13410): Pin "HEX5[1]" is stuck at VCC
    Warning (13410): Pin "HEX5[2]" is stuck at VCC
    Warning (13410): Pin "HEX5[4]" is stuck at VCC
    Warning (13410): Pin "HEX5[5]" is stuck at VCC
Info (286030): Timing-Driven Synthesis is running
Info (144001): Generated suppressed messages file C:/Users/cshan/Desktop/lab 8/output_files/lab7_top.map.smsg
Info (16010): Generating hard_block partition "hard_block:auto_generated_inst"
    Info (16011): Adding 0 node(s), including 0 DDIO, 0 PLL, 0 transceiver and 0 LCELL
Warning (21074): Design contains 4 input pin(s) that do not drive logic
    Warning (15610): No output dependent on input pin "KEY[2]"
    Warning (15610): No output dependent on input pin "KEY[3]"
    Warning (15610): No output dependent on input pin "SW[8]"
    Warning (15610): No output dependent on input pin "SW[9]"
Info (21057): Implemented 487 device resources after synthesis - the final resource count might be different
    Info (21058): Implemented 14 input pins
    Info (21059): Implemented 52 output pins
    Info (21061): Implemented 405 logic cells
    Info (21064): Implemented 16 RAM segments
Info: Quartus II 64-Bit Analysis & Synthesis was successful. 0 errors, 45 warnings
    Info: Peak virtual memory: 4940 megabytes
    Info: Processing ended: Sun Nov 04 21:48:35 2018
    Info: Elapsed time: 00:00:09
    Info: Total CPU time (on all processors): 00:00:18


+------------------------------------------+
; Analysis & Synthesis Suppressed Messages ;
+------------------------------------------+
The suppressed messages can be found in C:/Users/cshan/Desktop/lab 8/output_files/lab7_top.map.smsg.


